Using pre-set license
Built from '2020.3/staging' branch; Version is '2020.3.32f1 (12f8b0834f07) revision 1243312'; Using compiler version '192528614'; Build Type 'Release'
OS: 'Windows 10  (10.0.19044) 64bit Professional' Language: 'en' Physical Memory: 16236 MB
BatchMode: 1, IsHumanControllingUs: 0, StartBugReporterOnCrash: 0, Is64bit: 1, IsPro: 0

COMMAND LINE ARGUMENTS:
C:\Program Files\Unity\Hub\Editor\2020.3.32f1\Editor\Unity.exe
-adb2
-batchMode
-noUpm
-name
AssetImportWorker0
-projectPath
C:/Users/Filip/Documents/002Filip/Programming/TryEscape
-logFile
Logs/AssetImportWorker0.log
-srvPort
61487
Successfully changed project path to: C:/Users/Filip/Documents/002Filip/Programming/TryEscape
C:/Users/Filip/Documents/002Filip/Programming/TryEscape
Using Asset Import Pipeline V2.
Refreshing native plugins compatible for Editor in 58.19 ms, found 2 plugins.
Preloading 0 native plugins for Editor in 0.00 ms.
Initialize engine version: 2020.3.32f1 (12f8b0834f07)
[Subsystems] Discovering subsystems at path C:/Program Files/Unity/Hub/Editor/2020.3.32f1/Editor/Data/Resources/UnitySubsystems
[Subsystems] Discovering subsystems at path C:/Users/Filip/Documents/002Filip/Programming/TryEscape/Assets
GfxDevice: creating device client; threaded=0
Direct3D:
    Version:  Direct3D 11.0 [level 11.1]
    Renderer: NVIDIA GeForce RTX 3070 Laptop GPU (ID=0x24dd)
    Vendor:   
    VRAM:     8044 MB
    Driver:   30.0.15.1236
Initialize mono
Mono path[0] = 'C:/Program Files/Unity/Hub/Editor/2020.3.32f1/Editor/Data/Managed'
Mono path[1] = 'C:/Program Files/Unity/Hub/Editor/2020.3.32f1/Editor/Data/MonoBleedingEdge/lib/mono/unityjit'
Mono config path = 'C:/Program Files/Unity/Hub/Editor/2020.3.32f1/Editor/Data/MonoBleedingEdge/etc'
Using monoOptions --debugger-agent=transport=dt_socket,embedding=1,server=y,suspend=n,address=127.0.0.1:56468
Begin MonoManager ReloadAssembly
Registering precompiled unity dll's ...
Register platform support module: C:/Program Files/Unity/Hub/Editor/2020.3.32f1/Editor/Data/PlaybackEngines/WebGLSupport/UnityEditor.WebGL.Extensions.dll
Register platform support module: C:/Program Files/Unity/Hub/Editor/2020.3.32f1/Editor/Data/PlaybackEngines/WindowsStandaloneSupport/UnityEditor.WindowsStandalone.Extensions.dll
Registered in 0.001795 seconds.
Native extension for WindowsStandalone target not found
Native extension for WebGL target not found
Refreshing native plugins compatible for Editor in 57.09 ms, found 2 plugins.
Preloading 0 native plugins for Editor in 0.00 ms.
Mono: successfully reloaded assembly
- Completed reload, in  0.461 seconds
Domain Reload Profiling:
	ReloadAssembly (461ms)
		BeginReloadAssembly (49ms)
			ExecutionOrderSort (0ms)
			DisableScriptedObjects (0ms)
			BackupInstance (0ms)
			ReleaseScriptingObjects (0ms)
			CreateAndSetChildDomain (1ms)
		EndReloadAssembly (358ms)
			LoadAssemblies (48ms)
			RebuildTransferFunctionScriptingTraits (0ms)
			SetupTypeCache (100ms)
			ReleaseScriptCaches (0ms)
			RebuildScriptCaches (24ms)
			SetupLoadedEditorAssemblies (161ms)
				LogAssemblyErrors (0ms)
				InitializePlatformSupportModulesInManaged (4ms)
				SetLoadedEditorAssemblies (0ms)
				RefreshPlugins (57ms)
				BeforeProcessingInitializeOnLoad (12ms)
				ProcessInitializeOnLoadAttributes (66ms)
				ProcessInitializeOnLoadMethodAttributes (20ms)
				AfterProcessingInitializeOnLoad (0ms)
				EditorAssembliesLoaded (0ms)
			ExecutionOrderSort2 (0ms)
			AwakeInstancesAfterBackupRestoration (0ms)
Platform modules already initialized, skipping
Registering precompiled user dll's ...
Registered in 0.002880 seconds.
Begin MonoManager ReloadAssembly
Native extension for WindowsStandalone target not found
Native extension for WebGL target not found
Refreshing native plugins compatible for Editor in 57.09 ms, found 2 plugins.
Preloading 0 native plugins for Editor in 0.00 ms.
Mono: successfully reloaded assembly
- Completed reload, in  0.851 seconds
Domain Reload Profiling:
	ReloadAssembly (852ms)
		BeginReloadAssembly (107ms)
			ExecutionOrderSort (0ms)
			DisableScriptedObjects (4ms)
			BackupInstance (0ms)
			ReleaseScriptingObjects (0ms)
			CreateAndSetChildDomain (16ms)
		EndReloadAssembly (701ms)
			LoadAssemblies (74ms)
			RebuildTransferFunctionScriptingTraits (0ms)
			SetupTypeCache (202ms)
			ReleaseScriptCaches (0ms)
			RebuildScriptCaches (43ms)
			SetupLoadedEditorAssemblies (306ms)
				LogAssemblyErrors (0ms)
				InitializePlatformSupportModulesInManaged (4ms)
				SetLoadedEditorAssemblies (0ms)
				RefreshPlugins (57ms)
				BeforeProcessingInitializeOnLoad (77ms)
				ProcessInitializeOnLoadAttributes (154ms)
				ProcessInitializeOnLoadMethodAttributes (7ms)
				AfterProcessingInitializeOnLoad (6ms)
				EditorAssembliesLoaded (0ms)
			ExecutionOrderSort2 (0ms)
			AwakeInstancesAfterBackupRestoration (5ms)
Platform modules already initialized, skipping
========================================================================
Worker process is ready to serve import requests
Launched and connected shader compiler UnityShaderCompiler.exe after 0.03 seconds
Refreshing native plugins compatible for Editor in 0.78 ms, found 2 plugins.
Preloading 0 native plugins for Editor in 0.00 ms.
Unloading 2998 Unused Serialized files (Serialized files now loaded: 0)
System memory in use before: 154.7 MB.
System memory in use after: 154.2 MB.

Unloading 20 unused Assets to reduce memory usage. Loaded Objects now: 3451.
Total: 2.990300 ms (FindLiveObjects: 0.205500 ms CreateObjectMapping: 0.069800 ms MarkObjects: 2.333800 ms  DeleteObjects: 0.380500 ms)

AssetImportParameters requested are different than current active one (requested -> active):
  custom:framework-win-MediaFoundation: 216162199b28c13a410421893ffa2e32 -> 
  custom:video-decoder-ogg-theora: a1e56fd34408186e4bbccfd4996cb3dc -> 
  custom:container-muxer-webm: aa71ff27fc2769a1b78a27578f13a17b -> 
  custom:container-demuxer-webm: 4f35f7cbe854078d1ac9338744f61a02 -> 
  custom:container-demuxer-ogg: 62fdf1f143b41e24485cea50d1cbac27 -> 
  custom:video-encoder-webm-vp8: eb34c28f22e8b96e1ab97ce403110664 -> 
  custom:video-decoder-webm-vp8: 9c59270c3fd7afecdb556c50c9e8de78 -> 
  custom:audio-decoder-ogg-vorbis: bf7c407c2cedff20999df2af8eb42d56 -> 
  custom:audio-encoder-webm-vorbis: bf7c407c2cedff20999df2af8eb42d56 -> 
========================================================================
Received Import Request.
  path: Assets/AssetStoreOriginals/_SNAPS_PrototypingAssets/About/Readme.asset
  artifactKey: Guid(a531f9ae0d2b0fa45b0d51cf694b3266) Importer(815301076,1909f56bfc062723c751e8b465ee728b)
Start importing Assets/AssetStoreOriginals/_SNAPS_PrototypingAssets/About/Readme.asset using Guid(a531f9ae0d2b0fa45b0d51cf694b3266) Importer(815301076,1909f56bfc062723c751e8b465ee728b)  -> (artifact id: 'a076bd40728e14595e9e90c897f79acc') in 0.038023 seconds 
========================================================================
Received Import Request.
  Time since last request: 75.891216 seconds.
  path: Assets/FreeToolsKit/Demo/Grid Material.mat
  artifactKey: Guid(1712f864787e6b04f91d20d450246539) Importer(815301076,1909f56bfc062723c751e8b465ee728b)
Start importing Assets/FreeToolsKit/Demo/Grid Material.mat using Guid(1712f864787e6b04f91d20d450246539) Importer(815301076,1909f56bfc062723c751e8b465ee728b)  -> (artifact id: 'c7a84e252a6585db9fe040bcee85e386') in 0.207364 seconds 
========================================================================
Received Import Request.
  Time since last request: 0.000126 seconds.
  path: Assets/FreeToolsKit/Demo/GridTex.png
  artifactKey: Guid(22692cc8b1ac3654c9ab807f32fd057e) Importer(815301076,1909f56bfc062723c751e8b465ee728b)
Start importing Assets/FreeToolsKit/Demo/GridTex.png using Guid(22692cc8b1ac3654c9ab807f32fd057e) Importer(815301076,1909f56bfc062723c751e8b465ee728b)  -> (artifact id: '7f26ba459d54d86a6fed66621fabc4e0') in 0.044056 seconds 
========================================================================
Received Import Request.
  Time since last request: 1.500066 seconds.
  path: Assets/FreeToolsKit/Assets/Materials/Tools.mat
  artifactKey: Guid(c1c653a721503024f8d28a2f2c57ce61) Importer(815301076,1909f56bfc062723c751e8b465ee728b)
Start importing Assets/FreeToolsKit/Assets/Materials/Tools.mat using Guid(c1c653a721503024f8d28a2f2c57ce61) Importer(815301076,1909f56bfc062723c751e8b465ee728b)  -> (artifact id: '620a3ac5e19a881b3dcc0435f0c9d288') in 0.066359 seconds 
========================================================================
Received Import Request.
  Time since last request: 132.165069 seconds.
  path: Assets/SampleScenes/AudioMixers/Car.mixer
  artifactKey: Guid(cc0bf72c5763743468b1ee3d764d3d04) Importer(815301076,1909f56bfc062723c751e8b465ee728b)
Start importing Assets/SampleScenes/AudioMixers/Car.mixer using Guid(cc0bf72c5763743468b1ee3d764d3d04) Importer(815301076,1909f56bfc062723c751e8b465ee728b)  -> (artifact id: 'c20c3296e44ef35faf1f53c0730d5647') in 0.014063 seconds 
========================================================================
Received Import Request.
  Time since last request: 3.161892 seconds.
  path: Assets/SampleScenes/Navmesh/CarAI.asset
  artifactKey: Guid(552927ccf2fdad3428e89e5104d91912) Importer(815301076,1909f56bfc062723c751e8b465ee728b)
Start importing Assets/SampleScenes/Navmesh/CarAI.asset using Guid(552927ccf2fdad3428e89e5104d91912) Importer(815301076,1909f56bfc062723c751e8b465ee728b)  -> (artifact id: '64524d2e946062e2bba134a5e1a27aba') in 0.015395 seconds 
========================================================================
Received Prepare
Registering precompiled user dll's ...
Registered in 0.002993 seconds.
Begin MonoManager ReloadAssembly
Native extension for WindowsStandalone target not found
Native extension for WebGL target not found
Refreshing native plugins compatible for Editor in 0.78 ms, found 2 plugins.
Preloading 0 native plugins for Editor in 0.00 ms.
Mono: successfully reloaded assembly
- Completed reload, in  0.804 seconds
Domain Reload Profiling:
	ReloadAssembly (804ms)
		BeginReloadAssembly (111ms)
			ExecutionOrderSort (0ms)
			DisableScriptedObjects (5ms)
			BackupInstance (0ms)
			ReleaseScriptingObjects (0ms)
			CreateAndSetChildDomain (33ms)
		EndReloadAssembly (647ms)
			LoadAssemblies (77ms)
			RebuildTransferFunctionScriptingTraits (0ms)
			SetupTypeCache (201ms)
			ReleaseScriptCaches (1ms)
			RebuildScriptCaches (34ms)
			SetupLoadedEditorAssemblies (243ms)
				LogAssemblyErrors (0ms)
				InitializePlatformSupportModulesInManaged (4ms)
				SetLoadedEditorAssemblies (0ms)
				RefreshPlugins (1ms)
				BeforeProcessingInitializeOnLoad (72ms)
				ProcessInitializeOnLoadAttributes (153ms)
				ProcessInitializeOnLoadMethodAttributes (7ms)
				AfterProcessingInitializeOnLoad (5ms)
				EditorAssembliesLoaded (0ms)
			ExecutionOrderSort2 (0ms)
			AwakeInstancesAfterBackupRestoration (13ms)
Platform modules already initialized, skipping
Refreshing native plugins compatible for Editor in 1.10 ms, found 2 plugins.
Preloading 0 native plugins for Editor in 0.00 ms.
Unloading 2848 Unused Serialized files (Serialized files now loaded: 0)
System memory in use before: 149.2 MB.
System memory in use after: 148.6 MB.

Unloading 18 unused Assets to reduce memory usage. Loaded Objects now: 3532.
Total: 4.723700 ms (FindLiveObjects: 0.235800 ms CreateObjectMapping: 0.081800 ms MarkObjects: 3.972800 ms  DeleteObjects: 0.432300 ms)

AssetImportParameters requested are different than current active one (requested -> active):
  custom:framework-win-MediaFoundation: 216162199b28c13a410421893ffa2e32 -> 
  custom:video-decoder-ogg-theora: a1e56fd34408186e4bbccfd4996cb3dc -> 
  custom:container-muxer-webm: aa71ff27fc2769a1b78a27578f13a17b -> 
  custom:container-demuxer-webm: 4f35f7cbe854078d1ac9338744f61a02 -> 
  custom:container-demuxer-ogg: 62fdf1f143b41e24485cea50d1cbac27 -> 
  custom:video-encoder-webm-vp8: eb34c28f22e8b96e1ab97ce403110664 -> 
  custom:video-decoder-webm-vp8: 9c59270c3fd7afecdb556c50c9e8de78 -> 
  custom:audio-decoder-ogg-vorbis: bf7c407c2cedff20999df2af8eb42d56 -> 
  custom:audio-encoder-webm-vorbis: bf7c407c2cedff20999df2af8eb42d56 -> 
========================================================================
Received Prepare
Registering precompiled user dll's ...
Registered in 0.004152 seconds.
Begin MonoManager ReloadAssembly
Native extension for WindowsStandalone target not found
Native extension for WebGL target not found
Refreshing native plugins compatible for Editor in 0.81 ms, found 2 plugins.
Preloading 0 native plugins for Editor in 0.00 ms.
Mono: successfully reloaded assembly
- Completed reload, in  0.768 seconds
Domain Reload Profiling:
	ReloadAssembly (769ms)
		BeginReloadAssembly (92ms)
			ExecutionOrderSort (0ms)
			DisableScriptedObjects (4ms)
			BackupInstance (0ms)
			ReleaseScriptingObjects (0ms)
			CreateAndSetChildDomain (29ms)
		EndReloadAssembly (632ms)
			LoadAssemblies (71ms)
			RebuildTransferFunctionScriptingTraits (0ms)
			SetupTypeCache (192ms)
			ReleaseScriptCaches (1ms)
			RebuildScriptCaches (36ms)
			SetupLoadedEditorAssemblies (239ms)
				LogAssemblyErrors (0ms)
				InitializePlatformSupportModulesInManaged (5ms)
				SetLoadedEditorAssemblies (1ms)
				RefreshPlugins (1ms)
				BeforeProcessingInitializeOnLoad (70ms)
				ProcessInitializeOnLoadAttributes (150ms)
				ProcessInitializeOnLoadMethodAttributes (8ms)
				AfterProcessingInitializeOnLoad (5ms)
				EditorAssembliesLoaded (0ms)
			ExecutionOrderSort2 (0ms)
			AwakeInstancesAfterBackupRestoration (13ms)
Platform modules already initialized, skipping
Refreshing native plugins compatible for Editor in 0.70 ms, found 2 plugins.
Preloading 0 native plugins for Editor in 0.00 ms.
Unloading 2745 Unused Serialized files (Serialized files now loaded: 0)
System memory in use before: 146.6 MB.
System memory in use after: 146.4 MB.

Unloading 108 unused Assets to reduce memory usage. Loaded Objects now: 3440.
Total: 3.133500 ms (FindLiveObjects: 0.242400 ms CreateObjectMapping: 0.081800 ms MarkObjects: 2.554500 ms  DeleteObjects: 0.254300 ms)

AssetImportParameters requested are different than current active one (requested -> active):
  custom:framework-win-MediaFoundation: 216162199b28c13a410421893ffa2e32 -> 
  custom:video-decoder-ogg-theora: a1e56fd34408186e4bbccfd4996cb3dc -> 
  custom:container-muxer-webm: aa71ff27fc2769a1b78a27578f13a17b -> 
  custom:container-demuxer-webm: 4f35f7cbe854078d1ac9338744f61a02 -> 
  custom:container-demuxer-ogg: 62fdf1f143b41e24485cea50d1cbac27 -> 
  custom:video-encoder-webm-vp8: eb34c28f22e8b96e1ab97ce403110664 -> 
  custom:video-decoder-webm-vp8: 9c59270c3fd7afecdb556c50c9e8de78 -> 
  custom:audio-decoder-ogg-vorbis: bf7c407c2cedff20999df2af8eb42d56 -> 
  custom:audio-encoder-webm-vorbis: bf7c407c2cedff20999df2af8eb42d56 -> 
========================================================================
Received Import Request.
  Time since last request: 53.044436 seconds.
  path: Assets/TextMesh Pro/Fonts/LiberationSans.ttf
  artifactKey: Guid(e3265ab4bf004d28a9537516768c1c75) Importer(815301076,1909f56bfc062723c751e8b465ee728b)
Start importing Assets/TextMesh Pro/Fonts/LiberationSans.ttf using Guid(e3265ab4bf004d28a9537516768c1c75) Importer(815301076,1909f56bfc062723c751e8b465ee728b)  -> (artifact id: 'b5badbb0691739532922f7d030d6ec70') in 0.191639 seconds 
========================================================================
Received Import Request.
  Time since last request: 0.155584 seconds.
  path: Assets/TextMesh Pro/Resources/TMP Settings.asset
  artifactKey: Guid(3f5b5dff67a942289a9defa416b206f3) Importer(815301076,1909f56bfc062723c751e8b465ee728b)
Start importing Assets/TextMesh Pro/Resources/TMP Settings.asset using Guid(3f5b5dff67a942289a9defa416b206f3) Importer(815301076,1909f56bfc062723c751e8b465ee728b)  -> (artifact id: '2979a7d67f4c0566d043dbde04d7df18') in 0.042724 seconds 
========================================================================
Received Import Request.
  Time since last request: 14.018451 seconds.
  path: Assets/WorldMaterialsFree/Built-In_RPMaterials/ClumpMud_StandardShader.mat
  artifactKey: Guid(808e6047c73239f46ac7425fc704306c) Importer(815301076,1909f56bfc062723c751e8b465ee728b)
Start importing Assets/WorldMaterialsFree/Built-In_RPMaterials/ClumpMud_StandardShader.mat using Guid(808e6047c73239f46ac7425fc704306c) Importer(815301076,1909f56bfc062723c751e8b465ee728b)  -> (artifact id: '388d27768ed9bf6e89717175023fac2d') in 0.056245 seconds 
========================================================================
Received Import Request.
  Time since last request: 0.000115 seconds.
  path: Assets/WorldMaterialsFree/Built-In_RPMaterials/HexBricks_StandardShader.mat
  artifactKey: Guid(97600ef42b0a88b47adc4932a228ef49) Importer(815301076,1909f56bfc062723c751e8b465ee728b)
Start importing Assets/WorldMaterialsFree/Built-In_RPMaterials/HexBricks_StandardShader.mat using Guid(97600ef42b0a88b47adc4932a228ef49) Importer(815301076,1909f56bfc062723c751e8b465ee728b)  -> (artifact id: 'adb3f85fbea7592219b9406f125fef5f') in 0.055069 seconds 
========================================================================
Received Import Request.
  Time since last request: 0.000141 seconds.
  path: Assets/WorldMaterialsFree/Built-In_RPMaterials/DesertCliffRock_StandardShader.mat
  artifactKey: Guid(ee2cbd091ade78d4d9ae2b3d259bc86b) Importer(815301076,1909f56bfc062723c751e8b465ee728b)
Start importing Assets/WorldMaterialsFree/Built-In_RPMaterials/DesertCliffRock_StandardShader.mat using Guid(ee2cbd091ade78d4d9ae2b3d259bc86b) Importer(815301076,1909f56bfc062723c751e8b465ee728b)  -> (artifact id: '602909ee3e4437cfb2dd0f70c99a3759') in 0.044726 seconds 
========================================================================
Received Import Request.
  Time since last request: 0.000123 seconds.
  path: Assets/WorldMaterialsFree/Built-In_RPMaterials/CoarseConcrete_StandardShader.mat
  artifactKey: Guid(5e8ed97749e472a4c9123bc956cf671c) Importer(815301076,1909f56bfc062723c751e8b465ee728b)
Start importing Assets/WorldMaterialsFree/Built-In_RPMaterials/CoarseConcrete_StandardShader.mat using Guid(5e8ed97749e472a4c9123bc956cf671c) Importer(815301076,1909f56bfc062723c751e8b465ee728b)  -> (artifact id: '197bb67e645a0ad37677e44d28b59f4d') in 0.042236 seconds 
========================================================================
Received Import Request.
  Time since last request: 0.000123 seconds.
  path: Assets/WorldMaterialsFree/Built-In_RPMaterials/GrassGravel_StandardShader.mat
  artifactKey: Guid(64154d5d80792f94f86e62d53e3aea66) Importer(815301076,1909f56bfc062723c751e8b465ee728b)
Start importing Assets/WorldMaterialsFree/Built-In_RPMaterials/GrassGravel_StandardShader.mat using Guid(64154d5d80792f94f86e62d53e3aea66) Importer(815301076,1909f56bfc062723c751e8b465ee728b)  -> (artifact id: '327dd489fca4101aefd3274cbe7ce110') in 0.043663 seconds 
========================================================================
Received Import Request.
  Time since last request: 0.000179 seconds.
  path: Assets/WorldMaterialsFree/Built-In_RPMaterials/DryRockyDirt_StandardShader.mat
  artifactKey: Guid(06d2d82c741d6b34692010a75df9b1fc) Importer(815301076,1909f56bfc062723c751e8b465ee728b)
Start importing Assets/WorldMaterialsFree/Built-In_RPMaterials/DryRockyDirt_StandardShader.mat using Guid(06d2d82c741d6b34692010a75df9b1fc) Importer(815301076,1909f56bfc062723c751e8b465ee728b)  -> (artifact id: 'acf4315ac0266c514552bdbf4d61f3c4') in 0.043656 seconds 
========================================================================
Received Import Request.
  Time since last request: 0.000111 seconds.
  path: Assets/WorldMaterialsFree/Built-In_RPMaterials/PebbledGravel_StandardShader.mat
  artifactKey: Guid(1d0c0bac13326d14a8fb5fda102ea2f7) Importer(815301076,1909f56bfc062723c751e8b465ee728b)
Start importing Assets/WorldMaterialsFree/Built-In_RPMaterials/PebbledGravel_StandardShader.mat using Guid(1d0c0bac13326d14a8fb5fda102ea2f7) Importer(815301076,1909f56bfc062723c751e8b465ee728b)  -> (artifact id: '9be8ef068c1592f130a1341a59a01bd6') in 0.043676 seconds 
========================================================================
Received Import Request.
  Time since last request: 0.000134 seconds.
  path: Assets/WorldMaterialsFree/Built-In_RPMaterials/GrassClumps_StandardShader.mat
  artifactKey: Guid(6a3d964ea61cca74aad9cd47ed31878d) Importer(815301076,1909f56bfc062723c751e8b465ee728b)
Start importing Assets/WorldMaterialsFree/Built-In_RPMaterials/GrassClumps_StandardShader.mat using Guid(6a3d964ea61cca74aad9cd47ed31878d) Importer(815301076,1909f56bfc062723c751e8b465ee728b)  -> (artifact id: 'd190333aaa37ae159926ff7025b5c3f4') in 0.045478 seconds 
========================================================================
Received Import Request.
  Time since last request: 156.518643 seconds.
  path: Assets/WorldMaterialsFree/Built-In_RPMaterials/PlainWhiteFabric_StandardShader.mat
  artifactKey: Guid(b516a6be52730f64e98b8928895f48b0) Importer(815301076,1909f56bfc062723c751e8b465ee728b)
Start importing Assets/WorldMaterialsFree/Built-In_RPMaterials/PlainWhiteFabric_StandardShader.mat using Guid(b516a6be52730f64e98b8928895f48b0) Importer(815301076,1909f56bfc062723c751e8b465ee728b)  -> (artifact id: '532b3417991107d08eb64223b89eece3') in 0.036712 seconds 
========================================================================
Received Prepare
Registering precompiled user dll's ...
Registered in 0.002793 seconds.
Begin MonoManager ReloadAssembly
Native extension for WindowsStandalone target not found
Native extension for WebGL target not found
Refreshing native plugins compatible for Editor in 0.81 ms, found 2 plugins.
Preloading 0 native plugins for Editor in 0.00 ms.
Mono: successfully reloaded assembly
- Completed reload, in  0.778 seconds
Domain Reload Profiling:
	ReloadAssembly (778ms)
		BeginReloadAssembly (98ms)
			ExecutionOrderSort (0ms)
			DisableScriptedObjects (5ms)
			BackupInstance (0ms)
			ReleaseScriptingObjects (0ms)
			CreateAndSetChildDomain (33ms)
		EndReloadAssembly (635ms)
			LoadAssemblies (74ms)
			RebuildTransferFunctionScriptingTraits (0ms)
			SetupTypeCache (192ms)
			ReleaseScriptCaches (1ms)
			RebuildScriptCaches (36ms)
			SetupLoadedEditorAssemblies (239ms)
				LogAssemblyErrors (0ms)
				InitializePlatformSupportModulesInManaged (4ms)
				SetLoadedEditorAssemblies (0ms)
				RefreshPlugins (1ms)
				BeforeProcessingInitializeOnLoad (70ms)
				ProcessInitializeOnLoadAttributes (151ms)
				ProcessInitializeOnLoadMethodAttributes (8ms)
				AfterProcessingInitializeOnLoad (5ms)
				EditorAssembliesLoaded (0ms)
			ExecutionOrderSort2 (0ms)
			AwakeInstancesAfterBackupRestoration (14ms)
Platform modules already initialized, skipping
Refreshing native plugins compatible for Editor in 0.72 ms, found 2 plugins.
Preloading 0 native plugins for Editor in 0.00 ms.
Unloading 2745 Unused Serialized files (Serialized files now loaded: 0)
System memory in use before: 146.5 MB.
System memory in use after: 146.3 MB.

Unloading 13 unused Assets to reduce memory usage. Loaded Objects now: 3483.
Total: 3.045800 ms (FindLiveObjects: 0.230700 ms CreateObjectMapping: 0.078300 ms MarkObjects: 2.543900 ms  DeleteObjects: 0.192400 ms)

AssetImportParameters requested are different than current active one (requested -> active):
  custom:framework-win-MediaFoundation: 216162199b28c13a410421893ffa2e32 -> 
  custom:video-decoder-ogg-theora: a1e56fd34408186e4bbccfd4996cb3dc -> 
  custom:container-muxer-webm: aa71ff27fc2769a1b78a27578f13a17b -> 
  custom:container-demuxer-webm: 4f35f7cbe854078d1ac9338744f61a02 -> 
  custom:container-demuxer-ogg: 62fdf1f143b41e24485cea50d1cbac27 -> 
  custom:video-encoder-webm-vp8: eb34c28f22e8b96e1ab97ce403110664 -> 
  custom:video-decoder-webm-vp8: 9c59270c3fd7afecdb556c50c9e8de78 -> 
  custom:audio-decoder-ogg-vorbis: bf7c407c2cedff20999df2af8eb42d56 -> 
  custom:audio-encoder-webm-vorbis: bf7c407c2cedff20999df2af8eb42d56 -> 
========================================================================
Received Import Request.
  Time since last request: 74.925194 seconds.
  path: Assets/WorldMaterialsFree/FreeDemoScen_WMShader.unity
  artifactKey: Guid(5649799efe5fa544999d5204b00eeec3) Importer(815301076,1909f56bfc062723c751e8b465ee728b)
Start importing Assets/WorldMaterialsFree/FreeDemoScen_WMShader.unity using Guid(5649799efe5fa544999d5204b00eeec3) Importer(815301076,1909f56bfc062723c751e8b465ee728b)  -> (artifact id: '201d39941a0a626267c275c7b4670e45') in 0.009603 seconds 
========================================================================
Received Import Request.
  Time since last request: 27.357410 seconds.
  path: Assets/WorldMaterialsFree/Resource Files
  artifactKey: Guid(931ea61bb29946442bfb9b0077a96d82) Importer(815301076,1909f56bfc062723c751e8b465ee728b)
Start importing Assets/WorldMaterialsFree/Resource Files using Guid(931ea61bb29946442bfb9b0077a96d82) Importer(815301076,1909f56bfc062723c751e8b465ee728b)  -> (artifact id: '8bef51024b47a1874c7fc4e1f76deb4a') in 0.005810 seconds 
========================================================================
Received Import Request.
  Time since last request: 1.034772 seconds.
  path: Assets/WorldMaterialsFree/Resource Files/BasketWeaveBricks
  artifactKey: Guid(ff2b5bf81f95f634f89aea659e3489bd) Importer(815301076,1909f56bfc062723c751e8b465ee728b)
Start importing Assets/WorldMaterialsFree/Resource Files/BasketWeaveBricks using Guid(ff2b5bf81f95f634f89aea659e3489bd) Importer(815301076,1909f56bfc062723c751e8b465ee728b)  -> (artifact id: '00aabae8872475fcc9ea76b875cf1b3d') in 0.005910 seconds 
========================================================================
Received Import Request.
  Time since last request: 0.089164 seconds.
  path: Assets/WorldMaterialsFree/Resource Files/BasketWeaveBricks/BasketWeaveBricks_Albedo.png
  artifactKey: Guid(b2ee15c7744aecc49b7b13f788755b90) Importer(815301076,1909f56bfc062723c751e8b465ee728b)
Start importing Assets/WorldMaterialsFree/Resource Files/BasketWeaveBricks/BasketWeaveBricks_Albedo.png using Guid(b2ee15c7744aecc49b7b13f788755b90) Importer(815301076,1909f56bfc062723c751e8b465ee728b)  -> (artifact id: 'dbf25687aa882a94afb7e850c8b4c480') in 0.053361 seconds 
========================================================================
Received Import Request.
  Time since last request: 0.000168 seconds.
  path: Assets/WorldMaterialsFree/Resource Files/BasketWeaveBricks/BasketWeaveBricks_YFliped_Normal.png
  artifactKey: Guid(58975c05dd358584c88c2a142740a111) Importer(815301076,1909f56bfc062723c751e8b465ee728b)
Start importing Assets/WorldMaterialsFree/Resource Files/BasketWeaveBricks/BasketWeaveBricks_YFliped_Normal.png using Guid(58975c05dd358584c88c2a142740a111) Importer(815301076,1909f56bfc062723c751e8b465ee728b)  -> (artifact id: '62c11970ecac0803aca83cdf1e0e5e38') in 0.017060 seconds 
========================================================================
Received Import Request.
  Time since last request: 0.000171 seconds.
  path: Assets/WorldMaterialsFree/Resource Files/BasketWeaveBricks/BasketWeaveBricks_Roughness.png
  artifactKey: Guid(34625fdce6a77a543804361b473cd27b) Importer(815301076,1909f56bfc062723c751e8b465ee728b)
Start importing Assets/WorldMaterialsFree/Resource Files/BasketWeaveBricks/BasketWeaveBricks_Roughness.png using Guid(34625fdce6a77a543804361b473cd27b) Importer(815301076,1909f56bfc062723c751e8b465ee728b)  -> (artifact id: '55ffee251703d78bf094f58db16db122') in 0.011017 seconds 
========================================================================
Received Import Request.
  Time since last request: 0.000122 seconds.
  path: Assets/WorldMaterialsFree/Resource Files/BasketWeaveBricks/BasketWeaveBricks_Smoothness.png
  artifactKey: Guid(b05bb9ac27530194f9ce4086ccac645c) Importer(815301076,1909f56bfc062723c751e8b465ee728b)
Start importing Assets/WorldMaterialsFree/Resource Files/BasketWeaveBricks/BasketWeaveBricks_Smoothness.png using Guid(b05bb9ac27530194f9ce4086ccac645c) Importer(815301076,1909f56bfc062723c751e8b465ee728b)  -> (artifact id: 'd5b362a03635c0742c234fc31c5a0524') in 0.011769 seconds 
========================================================================
Received Import Request.
  Time since last request: 0.000136 seconds.
  path: Assets/WorldMaterialsFree/Resource Files/BasketWeaveBricks/BasketWeaveBricks_Height.png
  artifactKey: Guid(ccdccdad117eec447a3acfc62d7d7630) Importer(815301076,1909f56bfc062723c751e8b465ee728b)
Start importing Assets/WorldMaterialsFree/Resource Files/BasketWeaveBricks/BasketWeaveBricks_Height.png using Guid(ccdccdad117eec447a3acfc62d7d7630) Importer(815301076,1909f56bfc062723c751e8b465ee728b)  -> (artifact id: '6c8a276471d09b9243e19706174e61b6') in 0.011522 seconds 
========================================================================
Received Import Request.
  Time since last request: 0.000146 seconds.
  path: Assets/WorldMaterialsFree/Resource Files/BasketWeaveBricks/BasketWeaveBricks_ao.png
  artifactKey: Guid(c75c7b152cad0d84fbf8caa89105ea3c) Importer(815301076,1909f56bfc062723c751e8b465ee728b)
Start importing Assets/WorldMaterialsFree/Resource Files/BasketWeaveBricks/BasketWeaveBricks_ao.png using Guid(c75c7b152cad0d84fbf8caa89105ea3c) Importer(815301076,1909f56bfc062723c751e8b465ee728b)  -> (artifact id: '008f068cbb382943fd401dc30578cc07') in 0.010779 seconds 
========================================================================
Received Import Request.
  Time since last request: 0.000132 seconds.
  path: Assets/WorldMaterialsFree/Resource Files/BasketWeaveBricks/BasketWeaveBricks_Normal.png
  artifactKey: Guid(8b589c0aa03487043aabae92daac584a) Importer(815301076,1909f56bfc062723c751e8b465ee728b)
Start importing Assets/WorldMaterialsFree/Resource Files/BasketWeaveBricks/BasketWeaveBricks_Normal.png using Guid(8b589c0aa03487043aabae92daac584a) Importer(815301076,1909f56bfc062723c751e8b465ee728b)  -> (artifact id: '14cec46f4aca4ff781d6fcdf71eb4f65') in 0.012066 seconds 
========================================================================
Received Import Request.
  Time since last request: 6.603423 seconds.
  path: Assets/WorldMaterialsFree/HDRPMaterials
  artifactKey: Guid(c5007d39f44fafe4eb2ce13351dd963f) Importer(815301076,1909f56bfc062723c751e8b465ee728b)
Start importing Assets/WorldMaterialsFree/HDRPMaterials using Guid(c5007d39f44fafe4eb2ce13351dd963f) Importer(815301076,1909f56bfc062723c751e8b465ee728b)  -> (artifact id: 'f7f128874de95f71f46c0e9fa6cd7b2e') in 0.006063 seconds 
========================================================================
Received Import Request.
  Time since last request: 5.093102 seconds.
  path: Assets/WorldMaterialsFree/Resource Files/BathroomTiles
  artifactKey: Guid(1f5b31f32375e8d4995244fb513568ca) Importer(815301076,1909f56bfc062723c751e8b465ee728b)
Start importing Assets/WorldMaterialsFree/Resource Files/BathroomTiles using Guid(1f5b31f32375e8d4995244fb513568ca) Importer(815301076,1909f56bfc062723c751e8b465ee728b)  -> (artifact id: 'f6116c97604bc430da0ede0c23662054') in 0.006022 seconds 
========================================================================
Received Import Request.
  Time since last request: 0.110452 seconds.
  path: Assets/WorldMaterialsFree/Resource Files/BathroomTiles/BathroomTiles_albedo.png
  artifactKey: Guid(3b11d976588e702418ce3d7cfde2042b) Importer(815301076,1909f56bfc062723c751e8b465ee728b)
Start importing Assets/WorldMaterialsFree/Resource Files/BathroomTiles/BathroomTiles_albedo.png using Guid(3b11d976588e702418ce3d7cfde2042b) Importer(815301076,1909f56bfc062723c751e8b465ee728b)  -> (artifact id: 'cf48c6240d292d98bca27835d6fd7c34') in 0.011616 seconds 
========================================================================
Received Import Request.
  Time since last request: 0.000133 seconds.
  path: Assets/WorldMaterialsFree/Resource Files/BathroomTiles/BathroomTiles_height.png
  artifactKey: Guid(ec44fd46532d5174e8cd2c5a4ee2f280) Importer(815301076,1909f56bfc062723c751e8b465ee728b)
Start importing Assets/WorldMaterialsFree/Resource Files/BathroomTiles/BathroomTiles_height.png using Guid(ec44fd46532d5174e8cd2c5a4ee2f280) Importer(815301076,1909f56bfc062723c751e8b465ee728b)  -> (artifact id: '771623b2cb0a5d754ca2a166a4ca04a0') in 0.011164 seconds 
========================================================================
Received Import Request.
  Time since last request: 0.000130 seconds.
  path: Assets/WorldMaterialsFree/Resource Files/BathroomTiles/BathroomTiles_YFliped_normal.png
  artifactKey: Guid(6a8b3c6c7263897449ffa52d4e393c23) Importer(815301076,1909f56bfc062723c751e8b465ee728b)
Start importing Assets/WorldMaterialsFree/Resource Files/BathroomTiles/BathroomTiles_YFliped_normal.png using Guid(6a8b3c6c7263897449ffa52d4e393c23) Importer(815301076,1909f56bfc062723c751e8b465ee728b)  -> (artifact id: '7091be67810d673919d9e7a3b8099327') in 0.012121 seconds 
========================================================================
Received Import Request.
  Time since last request: 0.000133 seconds.
  path: Assets/WorldMaterialsFree/Resource Files/BathroomTiles/BathroomTiles_ao.png
  artifactKey: Guid(860be524c0b9c6143b310603dc363a8e) Importer(815301076,1909f56bfc062723c751e8b465ee728b)
Start importing Assets/WorldMaterialsFree/Resource Files/BathroomTiles/BathroomTiles_ao.png using Guid(860be524c0b9c6143b310603dc363a8e) Importer(815301076,1909f56bfc062723c751e8b465ee728b)  -> (artifact id: '69b3fd46aae326ae1dcff1abbc5c6d9f') in 0.010727 seconds 
========================================================================
Received Import Request.
  Time since last request: 0.000121 seconds.
  path: Assets/WorldMaterialsFree/Resource Files/BathroomTiles/BathroomTiles_smoothness.png
  artifactKey: Guid(50f22ded93bf5a3459011d427639a3c7) Importer(815301076,1909f56bfc062723c751e8b465ee728b)
Start importing Assets/WorldMaterialsFree/Resource Files/BathroomTiles/BathroomTiles_smoothness.png using Guid(50f22ded93bf5a3459011d427639a3c7) Importer(815301076,1909f56bfc062723c751e8b465ee728b)  -> (artifact id: 'ab615f472b245e4a33b88d97c944ff18') in 0.010875 seconds 
========================================================================
Received Import Request.
  Time since last request: 0.000123 seconds.
  path: Assets/WorldMaterialsFree/Resource Files/BathroomTiles/BathroomTiles_Roughness.png
  artifactKey: Guid(2e00baf0337133c408ba69ca99b5fe16) Importer(815301076,1909f56bfc062723c751e8b465ee728b)
Start importing Assets/WorldMaterialsFree/Resource Files/BathroomTiles/BathroomTiles_Roughness.png using Guid(2e00baf0337133c408ba69ca99b5fe16) Importer(815301076,1909f56bfc062723c751e8b465ee728b)  -> (artifact id: '9d0ba5d5153ff583c8e7b58e6bdef126') in 0.011441 seconds 
========================================================================
Received Import Request.
  Time since last request: 0.000131 seconds.
  path: Assets/WorldMaterialsFree/Resource Files/BathroomTiles/BathroomTiles_normal.png
  artifactKey: Guid(f6d214f7dc5472042aa57d89d7069aa3) Importer(815301076,1909f56bfc062723c751e8b465ee728b)
Start importing Assets/WorldMaterialsFree/Resource Files/BathroomTiles/BathroomTiles_normal.png using Guid(f6d214f7dc5472042aa57d89d7069aa3) Importer(815301076,1909f56bfc062723c751e8b465ee728b)  -> (artifact id: '7b761ead7e6b2f23250416703261d0fc') in 0.011848 seconds 
========================================================================
Received Prepare
Registering precompiled user dll's ...
Registered in 0.003258 seconds.
Begin MonoManager ReloadAssembly
Native extension for WindowsStandalone target not found
Native extension for WebGL target not found
Refreshing native plugins compatible for Editor in 0.69 ms, found 2 plugins.
Preloading 0 native plugins for Editor in 0.00 ms.
Mono: successfully reloaded assembly
- Completed reload, in  0.779 seconds
Domain Reload Profiling:
	ReloadAssembly (779ms)
		BeginReloadAssembly (95ms)
			ExecutionOrderSort (0ms)
			DisableScriptedObjects (4ms)
			BackupInstance (0ms)
			ReleaseScriptingObjects (0ms)
			CreateAndSetChildDomain (29ms)
		EndReloadAssembly (640ms)
			LoadAssemblies (74ms)
			RebuildTransferFunctionScriptingTraits (0ms)
			SetupTypeCache (196ms)
			ReleaseScriptCaches (1ms)
			RebuildScriptCaches (38ms)
			SetupLoadedEditorAssemblies (237ms)
				LogAssemblyErrors (0ms)
				InitializePlatformSupportModulesInManaged (4ms)
				SetLoadedEditorAssemblies (0ms)
				RefreshPlugins (1ms)
				BeforeProcessingInitializeOnLoad (69ms)
				ProcessInitializeOnLoadAttributes (150ms)
				ProcessInitializeOnLoadMethodAttributes (8ms)
				AfterProcessingInitializeOnLoad (5ms)
				EditorAssembliesLoaded (0ms)
			ExecutionOrderSort2 (0ms)
			AwakeInstancesAfterBackupRestoration (14ms)
Platform modules already initialized, skipping
Refreshing native plugins compatible for Editor in 0.75 ms, found 2 plugins.
Preloading 0 native plugins for Editor in 0.00 ms.
Unloading 2745 Unused Serialized files (Serialized files now loaded: 0)
System memory in use before: 146.6 MB.
System memory in use after: 146.4 MB.

Unloading 13 unused Assets to reduce memory usage. Loaded Objects now: 3489.
Total: 4.039900 ms (FindLiveObjects: 0.267800 ms CreateObjectMapping: 0.148500 ms MarkObjects: 3.401200 ms  DeleteObjects: 0.221500 ms)

AssetImportParameters requested are different than current active one (requested -> active):
  custom:framework-win-MediaFoundation: 216162199b28c13a410421893ffa2e32 -> 
  custom:video-decoder-ogg-theora: a1e56fd34408186e4bbccfd4996cb3dc -> 
  custom:container-muxer-webm: aa71ff27fc2769a1b78a27578f13a17b -> 
  custom:container-demuxer-webm: 4f35f7cbe854078d1ac9338744f61a02 -> 
  custom:container-demuxer-ogg: 62fdf1f143b41e24485cea50d1cbac27 -> 
  custom:video-encoder-webm-vp8: eb34c28f22e8b96e1ab97ce403110664 -> 
  custom:video-decoder-webm-vp8: 9c59270c3fd7afecdb556c50c9e8de78 -> 
  custom:audio-decoder-ogg-vorbis: bf7c407c2cedff20999df2af8eb42d56 -> 
  custom:audio-encoder-webm-vorbis: bf7c407c2cedff20999df2af8eb42d56 -> 
========================================================================
Received Import Request.
  Time since last request: 135.552765 seconds.
  path: Assets/Wooden Floor Pack/Textures/Wooden Floor2
  artifactKey: Guid(ddba1bb09927d9e469915a5e799f4daa) Importer(815301076,1909f56bfc062723c751e8b465ee728b)
Start importing Assets/Wooden Floor Pack/Textures/Wooden Floor2 using Guid(ddba1bb09927d9e469915a5e799f4daa) Importer(815301076,1909f56bfc062723c751e8b465ee728b)  -> (artifact id: '0b543856f61f1002531f28f5f6396762') in 0.009612 seconds 
========================================================================
Received Import Request.
  Time since last request: 1.505786 seconds.
  path: Assets/Wooden Floor Pack/Textures/Wooden Floor4
  artifactKey: Guid(351f50140699e4541b54bb5636a677db) Importer(815301076,1909f56bfc062723c751e8b465ee728b)
Start importing Assets/Wooden Floor Pack/Textures/Wooden Floor4 using Guid(351f50140699e4541b54bb5636a677db) Importer(815301076,1909f56bfc062723c751e8b465ee728b)  -> (artifact id: '7d66ad870185b890c001602f73570ed1') in 0.005861 seconds 
========================================================================
Received Import Request.
  Time since last request: 0.640130 seconds.
  path: Assets/Wooden Floor Pack/Textures/Wooden Floor3
  artifactKey: Guid(477510145e9a9df4bab87d5fed4fe37a) Importer(815301076,1909f56bfc062723c751e8b465ee728b)
Start importing Assets/Wooden Floor Pack/Textures/Wooden Floor3 using Guid(477510145e9a9df4bab87d5fed4fe37a) Importer(815301076,1909f56bfc062723c751e8b465ee728b)  -> (artifact id: '21b98d1910cad0c9e7cd872450981a00') in 0.005725 seconds 
AssetImportWorkerClient::OnTransportError - code=2 error=End of file
